# JRE version: OpenJDK Runtime Environment (8.0_322-b06) (build 1.8.0_322-b06)
# Java VM: OpenJDK 64-Bit Server VM (25.322-b06 mixed mode windows-amd64 compressed oops)
Heap:
 PSYoungGen      total 466432K, used 317045K [0x0000000776180000, 0x0000000797780000, 0x00000007c0000000)
  eden space 457216K, 69% used [0x0000000776180000,0x000000078971d768,0x0000000792000000)
  from space 9216K, 0% used [0x0000000796e80000,0x0000000796e80000,0x0000000797780000)
  to   space 6656K, 0% used [0x0000000792000000,0x0000000792000000,0x0000000792680000)
 ParOldGen       total 85504K, used 16358K [0x00000006e2400000, 0x00000006e7780000, 0x0000000776180000)
  object space 85504K, 19% used [0x00000006e2400000,0x00000006e33f9938,0x00000006e7780000)
 Metaspace       used 37862K, capacity 40234K, committed 40488K, reserved 1085440K
  class space    used 4861K, capacity 5297K, committed 5424K, reserved 1048576K
GC Heap History (10 events):
Event: 2.721 GC heap before
{Heap before GC invocations=8 (full 1):
 PSYoungGen      total 235520K, used 4106K [0x0000000776180000, 0x0000000792d80000, 0x00000007c0000000)
  eden space 228864K, 0% used [0x0000000776180000,0x0000000776180000,0x0000000784100000)
  from space 6656K, 61% used [0x0000000784100000,0x0000000784502b38,0x0000000784780000)
  to   space 6656K, 0% used [0x0000000792700000,0x0000000792700000,0x0000000792d80000)
 ParOldGen       total 151552K, used 3689K [0x00000006e2400000, 0x00000006eb800000, 0x0000000776180000)
  object space 151552K, 2% used [0x00000006e2400000,0x00000006e279a5c8,0x00000006eb800000)
 Metaspace       used 19810K, capacity 21262K, committed 21296K, reserved 1067008K
  class space    used 2579K, capacity 2853K, committed 2864K, reserved 1048576K
Event: 2.748 GC heap after
Heap after GC invocations=8 (full 1):
 PSYoungGen      total 235520K, used 0K [0x0000000776180000, 0x0000000792d80000, 0x00000007c0000000)
  eden space 228864K, 0% used [0x0000000776180000,0x0000000776180000,0x0000000784100000)
  from space 6656K, 0% used [0x0000000784100000,0x0000000784100000,0x0000000784780000)
  to   space 6656K, 0% used [0x0000000792700000,0x0000000792700000,0x0000000792d80000)
 ParOldGen       total 85504K, used 7421K [0x00000006e2400000, 0x00000006e7780000, 0x0000000776180000)
  object space 85504K, 8% used [0x00000006e2400000,0x00000006e2b3f688,0x00000006e7780000)
 Metaspace       used 19810K, capacity 21262K, committed 21296K, reserved 1067008K
  class space    used 2579K, capacity 2853K, committed 2864K, reserved 1048576K
}
Event: 3.031 GC heap before
{Heap before GC invocations=9 (full 1):
 PSYoungGen      total 235520K, used 228864K [0x0000000776180000, 0x0000000792d80000, 0x00000007c0000000)
  eden space 228864K, 100% used [0x0000000776180000,0x0000000784100000,0x0000000784100000)
  from space 6656K, 0% used [0x0000000784100000,0x0000000784100000,0x0000000784780000)
  to   space 6656K, 0% used [0x0000000792700000,0x0000000792700000,0x0000000792d80000)
 ParOldGen       total 85504K, used 7421K [0x00000006e2400000, 0x00000006e7780000, 0x0000000776180000)
  object space 85504K, 8% used [0x00000006e2400000,0x00000006e2b3f688,0x00000006e7780000)
 Metaspace       used 24567K, capacity 26294K, committed 26416K, reserved 1073152K
  class space    used 3197K, capacity 3533K, committed 3632K, reserved 1048576K
Event: 3.035 GC heap after
Heap after GC invocations=9 (full 1):
 PSYoungGen      total 387072K, used 6043K [0x0000000776180000, 0x0000000792d00000, 0x00000007c0000000)
  eden space 380928K, 0% used [0x0000000776180000,0x0000000776180000,0x000000078d580000)
  from space 6144K, 98% used [0x0000000792700000,0x0000000792ce6e90,0x0000000792d00000)
  to   space 6656K, 0% used [0x0000000792000000,0x0000000792000000,0x0000000792680000)
 ParOldGen       total 85504K, used 7429K [0x00000006e2400000, 0x00000006e7780000, 0x0000000776180000)
  object space 85504K, 8% used [0x00000006e2400000,0x00000006e2b41688,0x00000006e7780000)
 Metaspace       used 24567K, capacity 26294K, committed 26416K, reserved 1073152K
  class space    used 3197K, capacity 3533K, committed 3632K, reserved 1048576K
}
Event: 3.539 GC heap before
{Heap before GC invocations=10 (full 1):
 PSYoungGen      total 387072K, used 386971K [0x0000000776180000, 0x0000000792d00000, 0x00000007c0000000)
  eden space 380928K, 100% used [0x0000000776180000,0x000000078d580000,0x000000078d580000)
  from space 6144K, 98% used [0x0000000792700000,0x0000000792ce6e90,0x0000000792d00000)
  to   space 6656K, 0% used [0x0000000792000000,0x0000000792000000,0x0000000792680000)
 ParOldGen       total 85504K, used 7429K [0x00000006e2400000, 0x00000006e7780000, 0x0000000776180000)
  object space 85504K, 8% used [0x00000006e2400000,0x00000006e2b41688,0x00000006e7780000)
 Metaspace       used 31513K, capacity 33564K, committed 33712K, reserved 1079296K
  class space    used 4136K, capacity 4510K, committed 4528K, reserved 1048576K
Event: 3.545 GC heap after
Heap after GC invocations=10 (full 1):
 PSYoungGen      total 463872K, used 6651K [0x0000000776180000, 0x0000000797780000, 0x00000007c0000000)
  eden space 457216K, 0% used [0x0000000776180000,0x0000000776180000,0x0000000792000000)
  from space 6656K, 99% used [0x0000000792000000,0x000000079267ed00,0x0000000792680000)
  to   space 9216K, 0% used [0x0000000796e80000,0x0000000796e80000,0x0000000797780000)
 ParOldGen       total 85504K, used 12001K [0x00000006e2400000, 0x00000006e7780000, 0x0000000776180000)
  object space 85504K, 14% used [0x00000006e2400000,0x00000006e2fb8408,0x00000006e7780000)
 Metaspace       used 31513K, capacity 33564K, committed 33712K, reserved 1079296K
  class space    used 4136K, capacity 4510K, committed 4528K, reserved 1048576K
}
Event: 4.668 GC heap before
{Heap before GC invocations=11 (full 1):
 PSYoungGen      total 463872K, used 459742K [0x0000000776180000, 0x0000000797780000, 0x00000007c0000000)
  eden space 457216K, 99% used [0x0000000776180000,0x0000000791bf8ca8,0x0000000792000000)
  from space 6656K, 99% used [0x0000000792000000,0x000000079267ed00,0x0000000792680000)
  to   space 9216K, 0% used [0x0000000796e80000,0x0000000796e80000,0x0000000797780000)
 ParOldGen       total 85504K, used 12001K [0x00000006e2400000, 0x00000006e7780000, 0x0000000776180000)
  object space 85504K, 14% used [0x00000006e2400000,0x00000006e2fb8408,0x00000006e7780000)
 Metaspace       used 33261K, capacity 35376K, committed 35496K, reserved 1079296K
  class space    used 4317K, capacity 4698K, committed 4784K, reserved 1048576K
Event: 4.675 GC heap after
Heap after GC invocations=11 (full 1):
 PSYoungGen      total 466432K, used 9202K [0x0000000776180000, 0x0000000797780000, 0x00000007c0000000)
  eden space 457216K, 0% used [0x0000000776180000,0x0000000776180000,0x0000000792000000)
  from space 9216K, 99% used [0x0000000796e80000,0x000000079777ca68,0x0000000797780000)
  to   space 6656K, 0% used [0x0000000792000000,0x0000000792000000,0x0000000792680000)
 ParOldGen       total 85504K, used 14273K [0x00000006e2400000, 0x00000006e7780000, 0x0000000776180000)
  object space 85504K, 16% used [0x00000006e2400000,0x00000006e31f0570,0x00000006e7780000)
 Metaspace       used 33261K, capacity 35376K, committed 35496K, reserved 1079296K
  class space    used 4317K, capacity 4698K, committed 4784K, reserved 1048576K
}
Event: 4.675 GC heap before
{Heap before GC invocations=12 (full 2):
 PSYoungGen      total 466432K, used 9202K [0x0000000776180000, 0x0000000797780000, 0x00000007c0000000)
  eden space 457216K, 0% used [0x0000000776180000,0x0000000776180000,0x0000000792000000)
  from space 9216K, 99% used [0x0000000796e80000,0x000000079777ca68,0x0000000797780000)
  to   space 6656K, 0% used [0x0000000792000000,0x0000000792000000,0x0000000792680000)
 ParOldGen       total 85504K, used 14273K [0x00000006e2400000, 0x00000006e7780000, 0x0000000776180000)
  object space 85504K, 16% used [0x00000006e2400000,0x00000006e31f0570,0x00000006e7780000)
 Metaspace       used 33261K, capacity 35376K, committed 35496K, reserved 1079296K
  class space    used 4317K, capacity 4698K, committed 4784K, reserved 1048576K
Event: 4.702 GC heap after
Heap after GC invocations=12 (full 2):
 PSYoungGen      total 466432K, used 0K [0x0000000776180000, 0x0000000797780000, 0x00000007c0000000)
  eden space 457216K, 0% used [0x0000000776180000,0x0000000776180000,0x0000000792000000)
  from space 9216K, 0% used [0x0000000796e80000,0x0000000796e80000,0x0000000797780000)
  to   space 6656K, 0% used [0x0000000792000000,0x0000000792000000,0x0000000792680000)
 ParOldGen       total 85504K, used 16358K [0x00000006e2400000, 0x00000006e7780000, 0x0000000776180000)
  object space 85504K, 19% used [0x00000006e2400000,0x00000006e33f9938,0x00000006e7780000)
 Metaspace       used 33261K, capacity 35376K, committed 35496K, reserved 1079296K
  class space    used 4317K, capacity 4698K, committed 4784K, reserved 1048576K
}

