# JRE version: OpenJDK Runtime Environment (8.0_322-b06) (build 1.8.0_322-b06)
# Java VM: OpenJDK 64-Bit Server VM (25.322-b06 mixed mode windows-amd64 compressed oops)
Heap:
 PSYoungGen      total 422912K, used 275567K [0x0000000776180000, 0x0000000792480000, 0x00000007c0000000)
  eden space 414720K, 66% used [0x0000000776180000,0x0000000786e9be58,0x000000078f680000)
  from space 8192K, 0% used [0x000000078ff00000,0x000000078ff00000,0x0000000790700000)
  to   space 8704K, 0% used [0x000000078f680000,0x000000078f680000,0x000000078ff00000)
 ParOldGen       total 126464K, used 13072K [0x00000006e2400000, 0x00000006e9f80000, 0x0000000776180000)
  object space 126464K, 10% used [0x00000006e2400000,0x00000006e30c40d0,0x00000006e9f80000)
 Metaspace       used 35897K, capacity 38248K, committed 38440K, reserved 1083392K
  class space    used 4629K, capacity 5054K, committed 5168K, reserved 1048576K
GC Heap History (10 events):
Event: 3.617 GC heap before
{Heap before GC invocations=10 (full 1):
 PSYoungGen      total 236032K, used 235068K [0x0000000776180000, 0x000000078d600000, 0x00000007c0000000)
  eden space 229376K, 100% used [0x0000000776180000,0x0000000784180000,0x0000000784180000)
  from space 6656K, 85% used [0x0000000784800000,0x0000000784d8f0d0,0x0000000784e80000)
  to   space 6656K, 0% used [0x0000000784180000,0x0000000784180000,0x0000000784800000)
 ParOldGen       total 87552K, used 7341K [0x00000006e2400000, 0x00000006e7980000, 0x0000000776180000)
  object space 87552K, 8% used [0x00000006e2400000,0x00000006e2b2b570,0x00000006e7980000)
 Metaspace       used 29208K, capacity 31118K, committed 31408K, reserved 1077248K
  class space    used 3803K, capacity 4157K, committed 4272K, reserved 1048576K
Event: 3.624 GC heap after
Heap after GC invocations=10 (full 1):
 PSYoungGen      total 236032K, used 6643K [0x0000000776180000, 0x000000078a500000, 0x00000007c0000000)
  eden space 229376K, 0% used [0x0000000776180000,0x0000000776180000,0x0000000784180000)
  from space 6656K, 99% used [0x0000000784180000,0x00000007847fceb0,0x0000000784800000)
  to   space 8192K, 0% used [0x0000000789d00000,0x0000000789d00000,0x000000078a500000)
 ParOldGen       total 87552K, used 9292K [0x00000006e2400000, 0x00000006e7980000, 0x0000000776180000)
  object space 87552K, 10% used [0x00000006e2400000,0x00000006e2d131b0,0x00000006e7980000)
 Metaspace       used 29208K, capacity 31118K, committed 31408K, reserved 1077248K
  class space    used 3803K, capacity 4157K, committed 4272K, reserved 1048576K
}
Event: 4.595 GC heap before
{Heap before GC invocations=11 (full 1):
 PSYoungGen      total 236032K, used 236019K [0x0000000776180000, 0x000000078a500000, 0x00000007c0000000)
  eden space 229376K, 100% used [0x0000000776180000,0x0000000784180000,0x0000000784180000)
  from space 6656K, 99% used [0x0000000784180000,0x00000007847fceb0,0x0000000784800000)
  to   space 8192K, 0% used [0x0000000789d00000,0x0000000789d00000,0x000000078a500000)
 ParOldGen       total 87552K, used 9292K [0x00000006e2400000, 0x00000006e7980000, 0x0000000776180000)
  object space 87552K, 10% used [0x00000006e2400000,0x00000006e2d131b0,0x00000006e7980000)
 Metaspace       used 31551K, capacity 33570K, committed 33712K, reserved 1079296K
  class space    used 4132K, capacity 4511K, committed 4528K, reserved 1048576K
Event: 4.599 GC heap after
Heap after GC invocations=11 (full 1):
 PSYoungGen      total 314368K, used 5702K [0x0000000776180000, 0x000000078a300000, 0x00000007c0000000)
  eden space 308224K, 0% used [0x0000000776180000,0x0000000776180000,0x0000000788e80000)
  from space 6144K, 92% used [0x0000000789d00000,0x000000078a291a10,0x000000078a300000)
  to   space 7680K, 0% used [0x0000000789400000,0x0000000789400000,0x0000000789b80000)
 ParOldGen       total 87552K, used 11312K [0x00000006e2400000, 0x00000006e7980000, 0x0000000776180000)
  object space 87552K, 12% used [0x00000006e2400000,0x00000006e2f0c340,0x00000006e7980000)
 Metaspace       used 31551K, capacity 33570K, committed 33712K, reserved 1079296K
  class space    used 4132K, capacity 4511K, committed 4528K, reserved 1048576K
}
Event: 4.960 GC heap before
{Heap before GC invocations=12 (full 1):
 PSYoungGen      total 314368K, used 313926K [0x0000000776180000, 0x000000078a300000, 0x00000007c0000000)
  eden space 308224K, 100% used [0x0000000776180000,0x0000000788e80000,0x0000000788e80000)
  from space 6144K, 92% used [0x0000000789d00000,0x000000078a291a10,0x000000078a300000)
  to   space 7680K, 0% used [0x0000000789400000,0x0000000789400000,0x0000000789b80000)
 ParOldGen       total 87552K, used 11312K [0x00000006e2400000, 0x00000006e7980000, 0x0000000776180000)
  object space 87552K, 12% used [0x00000006e2400000,0x00000006e2f0c340,0x00000006e7980000)
 Metaspace       used 32855K, capacity 34956K, committed 35248K, reserved 1079296K
  class space    used 4281K, capacity 4666K, committed 4784K, reserved 1048576K
Event: 4.966 GC heap after
Heap after GC invocations=12 (full 1):
 PSYoungGen      total 321536K, used 6740K [0x0000000776180000, 0x0000000790700000, 0x00000007c0000000)
  eden space 313856K, 0% used [0x0000000776180000,0x0000000776180000,0x0000000789400000)
  from space 7680K, 87% used [0x0000000789400000,0x0000000789a95270,0x0000000789b80000)
  to   space 8192K, 0% used [0x000000078ff00000,0x000000078ff00000,0x0000000790700000)
 ParOldGen       total 87552K, used 13920K [0x00000006e2400000, 0x00000006e7980000, 0x0000000776180000)
  object space 87552K, 15% used [0x00000006e2400000,0x00000006e3198328,0x00000006e7980000)
 Metaspace       used 32855K, capacity 34956K, committed 35248K, reserved 1079296K
  class space    used 4281K, capacity 4666K, committed 4784K, reserved 1048576K
}
Event: 5.006 GC heap before
{Heap before GC invocations=13 (full 1):
 PSYoungGen      total 321536K, used 53548K [0x0000000776180000, 0x0000000790700000, 0x00000007c0000000)
  eden space 313856K, 14% used [0x0000000776180000,0x0000000778f36070,0x0000000789400000)
  from space 7680K, 87% used [0x0000000789400000,0x0000000789a95270,0x0000000789b80000)
  to   space 8192K, 0% used [0x000000078ff00000,0x000000078ff00000,0x0000000790700000)
 ParOldGen       total 87552K, used 13920K [0x00000006e2400000, 0x00000006e7980000, 0x0000000776180000)
  object space 87552K, 15% used [0x00000006e2400000,0x00000006e3198328,0x00000006e7980000)
 Metaspace       used 33259K, capacity 35372K, committed 35496K, reserved 1079296K
  class space    used 4316K, capacity 4698K, committed 4784K, reserved 1048576K
Event: 5.008 GC heap after
Heap after GC invocations=13 (full 1):
 PSYoungGen      total 422912K, used 1113K [0x0000000776180000, 0x0000000792480000, 0x00000007c0000000)
  eden space 414720K, 0% used [0x0000000776180000,0x0000000776180000,0x000000078f680000)
  from space 8192K, 13% used [0x000000078ff00000,0x00000007900165d0,0x0000000790700000)
  to   space 8704K, 0% used [0x000000078f680000,0x000000078f680000,0x000000078ff00000)
 ParOldGen       total 87552K, used 16406K [0x00000006e2400000, 0x00000006e7980000, 0x0000000776180000)
  object space 87552K, 18% used [0x00000006e2400000,0x00000006e3405830,0x00000006e7980000)
 Metaspace       used 33259K, capacity 35372K, committed 35496K, reserved 1079296K
  class space    used 4316K, capacity 4698K, committed 4784K, reserved 1048576K
}
Event: 5.008 GC heap before
{Heap before GC invocations=14 (full 2):
 PSYoungGen      total 422912K, used 1113K [0x0000000776180000, 0x0000000792480000, 0x00000007c0000000)
  eden space 414720K, 0% used [0x0000000776180000,0x0000000776180000,0x000000078f680000)
  from space 8192K, 13% used [0x000000078ff00000,0x00000007900165d0,0x0000000790700000)
  to   space 8704K, 0% used [0x000000078f680000,0x000000078f680000,0x000000078ff00000)
 ParOldGen       total 87552K, used 16406K [0x00000006e2400000, 0x00000006e7980000, 0x0000000776180000)
  object space 87552K, 18% used [0x00000006e2400000,0x00000006e3405830,0x00000006e7980000)
 Metaspace       used 33259K, capacity 35372K, committed 35496K, reserved 1079296K
  class space    used 4316K, capacity 4698K, committed 4784K, reserved 1048576K
Event: 5.052 GC heap after
Heap after GC invocations=14 (full 2):
 PSYoungGen      total 422912K, used 0K [0x0000000776180000, 0x0000000792480000, 0x00000007c0000000)
  eden space 414720K, 0% used [0x0000000776180000,0x0000000776180000,0x000000078f680000)
  from space 8192K, 0% used [0x000000078ff00000,0x000000078ff00000,0x0000000790700000)
  to   space 8704K, 0% used [0x000000078f680000,0x000000078f680000,0x000000078ff00000)
 ParOldGen       total 126464K, used 13072K [0x00000006e2400000, 0x00000006e9f80000, 0x0000000776180000)
  object space 126464K, 10% used [0x00000006e2400000,0x00000006e30c40d0,0x00000006e9f80000)
 Metaspace       used 33259K, capacity 35372K, committed 35496K, reserved 1079296K
  class space    used 4316K, capacity 4698K, committed 4784K, reserved 1048576K
}

