# JRE version: OpenJDK Runtime Environment (8.0_322-b06) (build 1.8.0_322-b06)
# Java VM: OpenJDK 64-Bit Server VM (25.322-b06 mixed mode windows-amd64 compressed oops)
Heap:
 PSYoungGen      total 465920K, used 12909K [0x0000000776180000, 0x0000000796680000, 0x00000007c0000000)
  eden space 456704K, 0% used [0x0000000776180000,0x0000000776522b18,0x0000000791f80000)
  from space 9216K, 99% used [0x0000000795d80000,0x0000000796678c60,0x0000000796680000)
  to   space 7168K, 0% used [0x0000000791f80000,0x0000000791f80000,0x0000000792680000)
 ParOldGen       total 126464K, used 26885K [0x00000006e2400000, 0x00000006e9f80000, 0x0000000776180000)
  object space 126464K, 21% used [0x00000006e2400000,0x00000006e3e41470,0x00000006e9f80000)
 Metaspace       used 46753K, capacity 49424K, committed 49536K, reserved 1091584K
  class space    used 6267K, capacity 6758K, committed 6784K, reserved 1048576K
GC Heap History (10 events):
Event: 3.428 GC heap before
{Heap before GC invocations=10 (full 1):
 PSYoungGen      total 379904K, used 379626K [0x0000000776180000, 0x0000000792d80000, 0x00000007c0000000)
  eden space 373760K, 100% used [0x0000000776180000,0x000000078ce80000,0x000000078ce80000)
  from space 6144K, 95% used [0x0000000792780000,0x0000000792d3abc0,0x0000000792d80000)
  to   space 7168K, 0% used [0x0000000791f80000,0x0000000791f80000,0x0000000792680000)
 ParOldGen       total 86528K, used 7395K [0x00000006e2400000, 0x00000006e7880000, 0x0000000776180000)
  object space 86528K, 8% used [0x00000006e2400000,0x00000006e2b38e90,0x00000006e7880000)
 Metaspace       used 30943K, capacity 32948K, committed 33280K, reserved 1077248K
  class space    used 4120K, capacity 4510K, committed 4608K, reserved 1048576K
Event: 3.435 GC heap after
Heap after GC invocations=10 (full 1):
 PSYoungGen      total 463872K, used 7154K [0x0000000776180000, 0x0000000796680000, 0x00000007c0000000)
  eden space 456704K, 0% used [0x0000000776180000,0x0000000776180000,0x0000000791f80000)
  from space 7168K, 99% used [0x0000000791f80000,0x000000079267cb30,0x0000000792680000)
  to   space 9216K, 0% used [0x0000000795d80000,0x0000000795d80000,0x0000000796680000)
 ParOldGen       total 86528K, used 11251K [0x00000006e2400000, 0x00000006e7880000, 0x0000000776180000)
  object space 86528K, 13% used [0x00000006e2400000,0x00000006e2efcf40,0x00000006e7880000)
 Metaspace       used 30943K, capacity 32948K, committed 33280K, reserved 1077248K
  class space    used 4120K, capacity 4510K, committed 4608K, reserved 1048576K
}
Event: 4.607 GC heap before
{Heap before GC invocations=11 (full 1):
 PSYoungGen      total 463872K, used 463858K [0x0000000776180000, 0x0000000796680000, 0x00000007c0000000)
  eden space 456704K, 100% used [0x0000000776180000,0x0000000791f80000,0x0000000791f80000)
  from space 7168K, 99% used [0x0000000791f80000,0x000000079267cb30,0x0000000792680000)
  to   space 9216K, 0% used [0x0000000795d80000,0x0000000795d80000,0x0000000796680000)
 ParOldGen       total 86528K, used 11251K [0x00000006e2400000, 0x00000006e7880000, 0x0000000776180000)
  object space 86528K, 13% used [0x00000006e2400000,0x00000006e2efcf40,0x00000006e7880000)
 Metaspace       used 32766K, capacity 34928K, committed 34944K, reserved 1079296K
  class space    used 4316K, capacity 4730K, committed 4736K, reserved 1048576K
Event: 4.613 GC heap after
Heap after GC invocations=11 (full 1):
 PSYoungGen      total 465920K, used 9209K [0x0000000776180000, 0x0000000796680000, 0x00000007c0000000)
  eden space 456704K, 0% used [0x0000000776180000,0x0000000776180000,0x0000000791f80000)
  from space 9216K, 99% used [0x0000000795d80000,0x000000079667e710,0x0000000796680000)
  to   space 7168K, 0% used [0x0000000791f80000,0x0000000791f80000,0x0000000792680000)
 ParOldGen       total 86528K, used 13571K [0x00000006e2400000, 0x00000006e7880000, 0x0000000776180000)
  object space 86528K, 15% used [0x00000006e2400000,0x00000006e3140da8,0x00000006e7880000)
 Metaspace       used 32766K, capacity 34928K, committed 34944K, reserved 1079296K
  class space    used 4316K, capacity 4730K, committed 4736K, reserved 1048576K
}
Event: 4.705 GC heap before
{Heap before GC invocations=12 (full 1):
 PSYoungGen      total 465920K, used 108335K [0x0000000776180000, 0x0000000796680000, 0x00000007c0000000)
  eden space 456704K, 21% used [0x0000000776180000,0x000000077c24d510,0x0000000791f80000)
  from space 9216K, 99% used [0x0000000795d80000,0x000000079667e710,0x0000000796680000)
  to   space 7168K, 0% used [0x0000000791f80000,0x0000000791f80000,0x0000000792680000)
 ParOldGen       total 86528K, used 13571K [0x00000006e2400000, 0x00000006e7880000, 0x0000000776180000)
  object space 86528K, 15% used [0x00000006e2400000,0x00000006e3140da8,0x00000006e7880000)
 Metaspace       used 33299K, capacity 35426K, committed 35496K, reserved 1079296K
  class space    used 4387K, capacity 4805K, committed 4864K, reserved 1048576K
Event: 4.708 GC heap after
Heap after GC invocations=12 (full 1):
 PSYoungGen      total 463872K, used 2095K [0x0000000776180000, 0x0000000796680000, 0x00000007c0000000)
  eden space 456704K, 0% used [0x0000000776180000,0x0000000776180000,0x0000000791f80000)
  from space 7168K, 29% used [0x0000000791f80000,0x000000079218be30,0x0000000792680000)
  to   space 9216K, 0% used [0x0000000795d80000,0x0000000795d80000,0x0000000796680000)
 ParOldGen       total 86528K, used 18653K [0x00000006e2400000, 0x00000006e7880000, 0x0000000776180000)
  object space 86528K, 21% used [0x00000006e2400000,0x00000006e36375c0,0x00000006e7880000)
 Metaspace       used 33299K, capacity 35426K, committed 35496K, reserved 1079296K
  class space    used 4387K, capacity 4805K, committed 4864K, reserved 1048576K
}
Event: 4.708 GC heap before
{Heap before GC invocations=13 (full 2):
 PSYoungGen      total 463872K, used 2095K [0x0000000776180000, 0x0000000796680000, 0x00000007c0000000)
  eden space 456704K, 0% used [0x0000000776180000,0x0000000776180000,0x0000000791f80000)
  from space 7168K, 29% used [0x0000000791f80000,0x000000079218be30,0x0000000792680000)
  to   space 9216K, 0% used [0x0000000795d80000,0x0000000795d80000,0x0000000796680000)
 ParOldGen       total 86528K, used 18653K [0x00000006e2400000, 0x00000006e7880000, 0x0000000776180000)
  object space 86528K, 21% used [0x00000006e2400000,0x00000006e36375c0,0x00000006e7880000)
 Metaspace       used 33299K, capacity 35426K, committed 35496K, reserved 1079296K
  class space    used 4387K, capacity 4805K, committed 4864K, reserved 1048576K
Event: 4.735 GC heap after
Heap after GC invocations=13 (full 2):
 PSYoungGen      total 463872K, used 0K [0x0000000776180000, 0x0000000796680000, 0x00000007c0000000)
  eden space 456704K, 0% used [0x0000000776180000,0x0000000776180000,0x0000000791f80000)
  from space 7168K, 0% used [0x0000000791f80000,0x0000000791f80000,0x0000000792680000)
  to   space 9216K, 0% used [0x0000000795d80000,0x0000000795d80000,0x0000000796680000)
 ParOldGen       total 126464K, used 14300K [0x00000006e2400000, 0x00000006e9f80000, 0x0000000776180000)
  object space 126464K, 11% used [0x00000006e2400000,0x00000006e31f7018,0x00000006e9f80000)
 Metaspace       used 33299K, capacity 35426K, committed 35496K, reserved 1079296K
  class space    used 4387K, capacity 4805K, committed 4864K, reserved 1048576K
}
Event: 6.691 GC heap before
{Heap before GC invocations=14 (full 2):
 PSYoungGen      total 463872K, used 456704K [0x0000000776180000, 0x0000000796680000, 0x00000007c0000000)
  eden space 456704K, 100% used [0x0000000776180000,0x0000000791f80000,0x0000000791f80000)
  from space 7168K, 0% used [0x0000000791f80000,0x0000000791f80000,0x0000000792680000)
  to   space 9216K, 0% used [0x0000000795d80000,0x0000000795d80000,0x0000000796680000)
 ParOldGen       total 126464K, used 14300K [0x00000006e2400000, 0x00000006e9f80000, 0x0000000776180000)
  object space 126464K, 11% used [0x00000006e2400000,0x00000006e31f7018,0x00000006e9f80000)
 Metaspace       used 46752K, capacity 49424K, committed 49536K, reserved 1091584K
  class space    used 6267K, capacity 6758K, committed 6784K, reserved 1048576K
Event: 6.710 GC heap after
Heap after GC invocations=14 (full 2):
 PSYoungGen      total 465920K, used 9187K [0x0000000776180000, 0x0000000796680000, 0x00000007c0000000)
  eden space 456704K, 0% used [0x0000000776180000,0x0000000776180000,0x0000000791f80000)
  from space 9216K, 99% used [0x0000000795d80000,0x0000000796678c60,0x0000000796680000)
  to   space 7168K, 0% used [0x0000000791f80000,0x0000000791f80000,0x0000000792680000)
 ParOldGen       total 126464K, used 26885K [0x00000006e2400000, 0x00000006e9f80000, 0x0000000776180000)
  object space 126464K, 21% used [0x00000006e2400000,0x00000006e3e41470,0x00000006e9f80000)
 Metaspace       used 46752K, capacity 49424K, committed 49536K, reserved 1091584K
  class space    used 6267K, capacity 6758K, committed 6784K, reserved 1048576K
}

